[2020-11-17 23:12:29,695] multiqc                                            [DEBUG  ]  No MultiQC config found: /home/volker/miniconda3/lib/python3.7/site-packages/multiqc_config.yaml
[2020-11-17 23:12:29,697] multiqc                                            [DEBUG  ]  Loading config settings from: /home/volker/.multiqc_config.yaml
[2020-11-17 23:12:29,697] multiqc                                            [DEBUG  ]  New config 'title': General QC analysis
[2020-11-17 23:12:29,698] multiqc                                            [DEBUG  ]  New config 'intro_text': MultiQC reports summarise FastQC, Salmon, featureCounts and STAR analysis results.
[2020-11-17 23:12:29,698] multiqc                                            [DEBUG  ]  New config 'custom_logo': /home/volker/Tools/logo_big.png
[2020-11-17 23:12:29,698] multiqc                                            [DEBUG  ]  New config 'custom_logo_url': http://www.uni-koeln.de/math-nat-fak/genetik/groups/Gehring/
[2020-11-17 23:12:29,698] multiqc                                            [DEBUG  ]  New config 'custom_logo_title': Gehring Lab
[2020-11-17 23:12:29,698] multiqc                                            [DEBUG  ]  New config 'report_header_info': [{'Contact E-mail': 'boehmv@uni-koeln.de'}]
[2020-11-17 23:12:29,698] multiqc                                            [DEBUG  ]  New config 'run_modules': ['fastqc', 'salmon', 'star', 'featureCounts']
[2020-11-17 23:12:29,698] multiqc                                            [DEBUG  ]  New config 'fn_ignore_dirs': ['_STARpass1']
[2020-11-17 23:12:29,698] multiqc                                            [DEBUG  ]  No MultiQC config found: multiqc_config.yaml
[2020-11-17 23:12:29,698] multiqc                                            [DEBUG  ]  Command used: /home/volker/miniconda3/bin/multiqc /home/volker/2020_02_UPF3_DW/FASTQ /home/volker/2020_02_UPF3_DW/Salmon /srv2/2020_02_UPF3_DW/UPF3 -v -f -o /home/volker/2020_02_UPF3_DW/QC/ --sample-names /home/volker/2020_02_UPF3_DW/Samples.txt
[2020-11-17 23:12:29,843] multiqc                                            [WARNING]  MultiQC Version v1.9 now available!
[2020-11-17 23:12:29,843] multiqc                                            [DEBUG  ]  Loading sample renaming config settings from: /home/volker/2020_02_UPF3_DW/Samples.txt
[2020-11-17 23:12:29,844] multiqc                                            [DEBUG  ]  Found 2 sample renaming patterns
[2020-11-17 23:12:29,844] multiqc                                            [INFO   ]  This is MultiQC v1.8
[2020-11-17 23:12:29,844] multiqc                                            [DEBUG  ]  Command     : /home/volker/miniconda3/bin/multiqc /home/volker/2020_02_UPF3_DW/FASTQ /home/volker/2020_02_UPF3_DW/Salmon /srv2/2020_02_UPF3_DW/UPF3 -v -f -o /home/volker/2020_02_UPF3_DW/QC/ --sample-names /home/volker/2020_02_UPF3_DW/Samples.txt
[2020-11-17 23:12:29,844] multiqc                                            [DEBUG  ]  Working dir : /home/volker/2020_02_UPF3_DW/leafcutter/control_vs_UPF3dKO2KD
[2020-11-17 23:12:29,844] multiqc                                            [INFO   ]  Template    : default
[2020-11-17 23:12:29,844] multiqc                                            [DEBUG  ]  Running Python 3.7.6 | packaged by conda-forge | (default, Jun  1 2020, 18:57:50)  [GCC 7.5.0]
[2020-11-17 23:12:29,844] multiqc                                            [INFO   ]  Report title: General QC analysis
[2020-11-17 23:12:29,844] multiqc                                            [INFO   ]  Searching   : /home/volker/2020_02_UPF3_DW/FASTQ
[2020-11-17 23:12:29,844] multiqc                                            [INFO   ]  Searching   : /home/volker/2020_02_UPF3_DW/Salmon
[2020-11-17 23:12:29,844] multiqc                                            [INFO   ]  Searching   : /srv2/2020_02_UPF3_DW/UPF3
[2020-11-17 23:12:29,845] multiqc                                            [INFO   ]  Only using modules fastqc, salmon, star, featureCounts
[2020-11-17 23:12:29,845] multiqc                                            [DEBUG  ]  Analysing modules: featureCounts, salmon, star, fastqc
[2020-11-17 23:12:29,845] multiqc                                            [DEBUG  ]  Using temporary directory for creating report: /tmp/tmp3waqen6c
[2020-11-17 23:12:29,934] multiqc                                            [DEBUG  ]  Ignored 198 search patterns as didn't match running modules.
[2020-11-17 23:12:29,965] multiqc                                            [DEBUG  ]  Ignoring directory as matched fn_ignore_dirs: /srv2/2020_02_UPF3_DW/UPF3/BAM/A006200071_119407/_STARpass1
[2020-11-17 23:12:29,970] multiqc                                            [DEBUG  ]  Ignoring directory as matched fn_ignore_dirs: /srv2/2020_02_UPF3_DW/UPF3/BAM/A006200071_119435/_STARpass1
[2020-11-17 23:12:29,987] multiqc                                            [DEBUG  ]  Ignoring directory as matched fn_ignore_dirs: /srv2/2020_02_UPF3_DW/UPF3/BAM/A006200071_119433/_STARpass1
[2020-11-17 23:12:30,000] multiqc                                            [DEBUG  ]  Ignoring directory as matched fn_ignore_dirs: /srv2/2020_02_UPF3_DW/UPF3/BAM/A006200071_119425/_STARpass1
[2020-11-17 23:12:30,003] multiqc                                            [DEBUG  ]  Ignoring directory as matched fn_ignore_dirs: /srv2/2020_02_UPF3_DW/UPF3/BAM/A006200071_119419/_STARpass1
[2020-11-17 23:12:30,004] multiqc                                            [DEBUG  ]  Ignoring directory as matched fn_ignore_dirs: /srv2/2020_02_UPF3_DW/UPF3/BAM/A006200071_119429/_STARpass1
[2020-11-17 23:12:30,004] multiqc                                            [DEBUG  ]  Ignoring directory as matched fn_ignore_dirs: /srv2/2020_02_UPF3_DW/UPF3/BAM/A006200071_119405/_STARpass1
[2020-11-17 23:12:30,005] multiqc                                            [DEBUG  ]  Ignoring directory as matched fn_ignore_dirs: /srv2/2020_02_UPF3_DW/UPF3/BAM/A006200071_119423/_STARpass1
[2020-11-17 23:12:30,006] multiqc                                            [DEBUG  ]  Ignoring directory as matched fn_ignore_dirs: /srv2/2020_02_UPF3_DW/UPF3/BAM/A006200071_119403/_STARpass1
[2020-11-17 23:12:30,007] multiqc                                            [DEBUG  ]  Ignoring directory as matched fn_ignore_dirs: /srv2/2020_02_UPF3_DW/UPF3/BAM/A006200071_119413/_STARpass1
[2020-11-17 23:12:30,012] multiqc                                            [DEBUG  ]  Ignoring directory as matched fn_ignore_dirs: /srv2/2020_02_UPF3_DW/UPF3/BAM/A006200071_119427/_STARpass1
[2020-11-17 23:12:30,020] multiqc                                            [DEBUG  ]  Ignoring directory as matched fn_ignore_dirs: /srv2/2020_02_UPF3_DW/UPF3/BAM/A006200071_119415/_STARpass1
[2020-11-17 23:12:30,027] multiqc                                            [DEBUG  ]  Ignoring directory as matched fn_ignore_dirs: /srv2/2020_02_UPF3_DW/UPF3/BAM/A006200071_119401/_STARpass1
[2020-11-17 23:12:30,027] multiqc                                            [DEBUG  ]  Ignoring directory as matched fn_ignore_dirs: /srv2/2020_02_UPF3_DW/UPF3/BAM/A006200071_119421/_STARpass1
[2020-11-17 23:12:30,028] multiqc                                            [DEBUG  ]  Ignoring directory as matched fn_ignore_dirs: /srv2/2020_02_UPF3_DW/UPF3/BAM/A006200071_119431/_STARpass1
[2020-11-17 23:12:30,028] multiqc                                            [DEBUG  ]  Ignoring directory as matched fn_ignore_dirs: /srv2/2020_02_UPF3_DW/UPF3/BAM/A006200071_119409/_STARpass1
[2020-11-17 23:12:30,028] multiqc                                            [DEBUG  ]  Ignoring directory as matched fn_ignore_dirs: /srv2/2020_02_UPF3_DW/UPF3/BAM/A006200071_119411/_STARpass1
[2020-11-17 23:12:30,029] multiqc                                            [DEBUG  ]  Ignoring directory as matched fn_ignore_dirs: /srv2/2020_02_UPF3_DW/UPF3/BAM/A006200071_119417/_STARpass1
[2020-11-17 23:12:30,032] multiqc                                            [DEBUG  ]  Ignoring file as matched an ignore pattern: A006200071_119433_1.fq.gz
[2020-11-17 23:12:30,032] multiqc                                            [DEBUG  ]  Ignoring file as matched an ignore pattern: A006200071_119409_2.fq.gz
[2020-11-17 23:12:30,032] multiqc                                            [DEBUG  ]  Ignoring file as matched an ignore pattern: A006200071_119431_1.fq.gz
[2020-11-17 23:12:30,032] multiqc                                            [DEBUG  ]  Ignoring file as matched an ignore pattern: A006200071_119431_2.fq.gz
[2020-11-17 23:12:30,032] multiqc                                            [DEBUG  ]  Ignoring file as matched an ignore pattern: A006200071_119411_1.fq.gz
[2020-11-17 23:12:30,033] multiqc                                            [DEBUG  ]  Ignoring file as matched an ignore pattern: A006200071_119421_2.fq.gz
[2020-11-17 23:12:30,033] multiqc                                            [DEBUG  ]  Ignoring file as matched an ignore pattern: A006200071_119403_1.fq.gz
[2020-11-17 23:12:30,033] multiqc                                            [DEBUG  ]  Ignoring file as matched an ignore pattern: A006200071_119417_2.fq.gz
[2020-11-17 23:12:30,033] multiqc                                            [DEBUG  ]  Ignoring file as matched an ignore pattern: A006200071_119425_1.fq.gz
[2020-11-17 23:12:30,033] multiqc                                            [DEBUG  ]  Ignoring file as matched an ignore pattern: A006200071_119409_1.fq.gz
[2020-11-17 23:12:30,033] multiqc                                            [DEBUG  ]  Ignoring file as matched an ignore pattern: A006200071_119429_2.fq.gz
[2020-11-17 23:12:30,033] multiqc                                            [DEBUG  ]  Ignoring file as matched an ignore pattern: A006200071_119411_2.fq.gz
[2020-11-17 23:12:30,033] multiqc                                            [DEBUG  ]  Ignoring file as matched an ignore pattern: A006200071_119405_1.fq.gz
[2020-11-17 23:12:30,033] multiqc                                            [DEBUG  ]  Ignoring file as matched an ignore pattern: A006200071_119423_1.fq.gz
[2020-11-17 23:12:30,034] multiqc                                            [DEBUG  ]  Ignoring file as matched an ignore pattern: A006200071_119421_1.fq.gz
[2020-11-17 23:12:30,034] multiqc                                            [DEBUG  ]  Ignoring file as matched an ignore pattern: A006200071_119429_1.fq.gz
[2020-11-17 23:12:30,034] multiqc                                            [DEBUG  ]  Ignoring file as matched an ignore pattern: A006200071_119413_1.fq.gz
[2020-11-17 23:12:30,034] multiqc                                            [DEBUG  ]  Ignoring file as matched an ignore pattern: A006200071_119415_1.fq.gz
[2020-11-17 23:12:30,034] multiqc                                            [DEBUG  ]  Ignoring file as matched an ignore pattern: A006200071_119433_2.fq.gz
[2020-11-17 23:12:30,034] multiqc                                            [DEBUG  ]  Ignoring file as matched an ignore pattern: A006200071_119401_2.fq.gz
[2020-11-17 23:12:30,034] multiqc                                            [DEBUG  ]  Ignoring file as matched an ignore pattern: A006200071_119413_2.fq.gz
[2020-11-17 23:12:30,034] multiqc                                            [DEBUG  ]  Ignoring file as matched an ignore pattern: A006200071_119425_2.fq.gz
[2020-11-17 23:12:30,034] multiqc                                            [DEBUG  ]  Ignoring file as matched an ignore pattern: A006200071_119423_2.fq.gz
[2020-11-17 23:12:30,035] multiqc                                            [DEBUG  ]  Ignoring file as matched an ignore pattern: A006200071_119435_1.fq.gz
[2020-11-17 23:12:30,035] multiqc                                            [DEBUG  ]  Ignoring file as matched an ignore pattern: A006200071_119427_2.fq.gz
[2020-11-17 23:12:30,035] multiqc                                            [DEBUG  ]  Ignoring file as matched an ignore pattern: A006200071_119401_1.fq.gz
[2020-11-17 23:12:30,035] multiqc                                            [DEBUG  ]  Ignoring file as matched an ignore pattern: A006200071_119403_2.fq.gz
[2020-11-17 23:12:30,035] multiqc                                            [DEBUG  ]  Ignoring file as matched an ignore pattern: A006200071_119419_1.fq.gz
[2020-11-17 23:12:30,035] multiqc                                            [DEBUG  ]  Ignoring file as matched an ignore pattern: A006200071_119405_2.fq.gz
[2020-11-17 23:12:30,035] multiqc                                            [DEBUG  ]  Ignoring file as matched an ignore pattern: A006200071_119407_1.fq.gz
[2020-11-17 23:12:30,035] multiqc                                            [DEBUG  ]  Ignoring file as matched an ignore pattern: A006200071_119417_1.fq.gz
[2020-11-17 23:12:30,035] multiqc                                            [DEBUG  ]  Ignoring file as matched an ignore pattern: A006200071_119407_2.fq.gz
[2020-11-17 23:12:30,036] multiqc                                            [DEBUG  ]  Ignoring file as matched an ignore pattern: A006200071_119435_2.fq.gz
[2020-11-17 23:12:30,036] multiqc                                            [DEBUG  ]  Ignoring file as matched an ignore pattern: A006200071_119427_1.fq.gz
[2020-11-17 23:12:30,036] multiqc                                            [DEBUG  ]  Ignoring file as matched an ignore pattern: A006200071_119419_2.fq.gz
[2020-11-17 23:12:30,036] multiqc                                            [DEBUG  ]  Ignoring file as matched an ignore pattern: A006200071_119415_2.fq.gz
[2020-11-17 23:12:31,062] multiqc                                            [DEBUG  ]  Ignoring file as matched an ignore pattern: Aligned.sortedByCoord.out.bam
[2020-11-17 23:12:31,140] multiqc                                            [DEBUG  ]  Ignoring file as matched an ignore pattern: Aligned.sortedByCoord.out.bam.bai
[2020-11-17 23:12:31,180] multiqc                                            [DEBUG  ]  Ignoring file as matched an ignore pattern: Chimeric.out.sam
[2020-11-17 23:12:31,206] multiqc                                            [DEBUG  ]  Ignoring file as matched an ignore pattern: Aligned.sortedByCoord.out.bam
[2020-11-17 23:12:31,206] multiqc                                            [DEBUG  ]  Ignoring file as matched an ignore pattern: Aligned.sortedByCoord.out.bam.bai
[2020-11-17 23:12:31,215] multiqc                                            [DEBUG  ]  Ignoring file as matched an ignore pattern: Chimeric.out.sam
[2020-11-17 23:12:31,223] multiqc                                            [DEBUG  ]  Ignoring file as matched an ignore pattern: Aligned.sortedByCoord.out.bam
[2020-11-17 23:12:31,223] multiqc                                            [DEBUG  ]  Ignoring file as matched an ignore pattern: Aligned.sortedByCoord.out.bam.bai
[2020-11-17 23:12:31,257] multiqc                                            [DEBUG  ]  Ignoring file as matched an ignore pattern: Chimeric.out.sam
[2020-11-17 23:12:31,276] multiqc                                            [DEBUG  ]  Ignoring file as matched an ignore pattern: Aligned.sortedByCoord.out.bam
[2020-11-17 23:12:31,276] multiqc                                            [DEBUG  ]  Ignoring file as matched an ignore pattern: Aligned.sortedByCoord.out.bam.bai
[2020-11-17 23:12:31,316] multiqc                                            [DEBUG  ]  Ignoring file as matched an ignore pattern: Chimeric.out.sam
[2020-11-17 23:12:31,340] multiqc                                            [DEBUG  ]  Ignoring file as matched an ignore pattern: Aligned.sortedByCoord.out.bam
[2020-11-17 23:12:31,340] multiqc                                            [DEBUG  ]  Ignoring file as matched an ignore pattern: Aligned.sortedByCoord.out.bam.bai
[2020-11-17 23:12:31,366] multiqc                                            [DEBUG  ]  Ignoring file as matched an ignore pattern: Chimeric.out.sam
[2020-11-17 23:12:31,380] multiqc                                            [DEBUG  ]  Ignoring file as matched an ignore pattern: Aligned.sortedByCoord.out.bam
[2020-11-17 23:12:31,381] multiqc                                            [DEBUG  ]  Ignoring file as matched an ignore pattern: Aligned.sortedByCoord.out.bam.bai
[2020-11-17 23:12:31,401] multiqc                                            [DEBUG  ]  Ignoring file as matched an ignore pattern: Chimeric.out.sam
[2020-11-17 23:12:31,402] multiqc                                            [DEBUG  ]  Ignoring file as matched an ignore pattern: Aligned.sortedByCoord.out.bam
[2020-11-17 23:12:31,488] multiqc                                            [DEBUG  ]  Ignoring file as matched an ignore pattern: Aligned.sortedByCoord.out.bam.bai
[2020-11-17 23:12:31,517] multiqc                                            [DEBUG  ]  Ignoring file as matched an ignore pattern: Chimeric.out.sam
[2020-11-17 23:12:31,543] multiqc                                            [DEBUG  ]  Ignoring file as matched an ignore pattern: Aligned.sortedByCoord.out.bam
[2020-11-17 23:12:31,543] multiqc                                            [DEBUG  ]  Ignoring file as matched an ignore pattern: Aligned.sortedByCoord.out.bam.bai
[2020-11-17 23:12:31,561] multiqc                                            [DEBUG  ]  Ignoring file as matched an ignore pattern: Chimeric.out.sam
[2020-11-17 23:12:31,580] multiqc                                            [DEBUG  ]  Ignoring file as matched an ignore pattern: Aligned.sortedByCoord.out.bam
[2020-11-17 23:12:31,580] multiqc                                            [DEBUG  ]  Ignoring file as matched an ignore pattern: Aligned.sortedByCoord.out.bam.bai
[2020-11-17 23:12:31,609] multiqc                                            [DEBUG  ]  Ignoring file as matched an ignore pattern: Chimeric.out.sam
[2020-11-17 23:12:31,626] multiqc                                            [DEBUG  ]  Ignoring file as matched an ignore pattern: Aligned.sortedByCoord.out.bam
[2020-11-17 23:12:31,626] multiqc                                            [DEBUG  ]  Ignoring file as matched an ignore pattern: Aligned.sortedByCoord.out.bam.bai
[2020-11-17 23:12:31,649] multiqc                                            [DEBUG  ]  Ignoring file as matched an ignore pattern: Chimeric.out.sam
[2020-11-17 23:12:31,669] multiqc                                            [DEBUG  ]  Ignoring file as matched an ignore pattern: Aligned.sortedByCoord.out.bam
[2020-11-17 23:12:31,669] multiqc                                            [DEBUG  ]  Ignoring file as matched an ignore pattern: Aligned.sortedByCoord.out.bam.bai
[2020-11-17 23:12:31,670] multiqc                                            [DEBUG  ]  Ignoring file as matched an ignore pattern: Chimeric.out.sam
[2020-11-17 23:12:31,672] multiqc                                            [DEBUG  ]  Ignoring file as matched an ignore pattern: Aligned.sortedByCoord.out.bam
[2020-11-17 23:12:31,672] multiqc                                            [DEBUG  ]  Ignoring file as matched an ignore pattern: Aligned.sortedByCoord.out.bam.bai
[2020-11-17 23:12:31,690] multiqc                                            [DEBUG  ]  Ignoring file as matched an ignore pattern: Chimeric.out.sam
[2020-11-17 23:12:31,699] multiqc                                            [DEBUG  ]  Ignoring file as matched an ignore pattern: Aligned.sortedByCoord.out.bam
[2020-11-17 23:12:31,699] multiqc                                            [DEBUG  ]  Ignoring file as matched an ignore pattern: Aligned.sortedByCoord.out.bam.bai
[2020-11-17 23:12:31,737] multiqc                                            [DEBUG  ]  Ignoring file as matched an ignore pattern: Chimeric.out.sam
[2020-11-17 23:12:31,751] multiqc                                            [DEBUG  ]  Ignoring file as matched an ignore pattern: Aligned.sortedByCoord.out.bam
[2020-11-17 23:12:31,751] multiqc                                            [DEBUG  ]  Ignoring file as matched an ignore pattern: Aligned.sortedByCoord.out.bam.bai
[2020-11-17 23:12:31,763] multiqc                                            [DEBUG  ]  Ignoring file as matched an ignore pattern: Chimeric.out.sam
[2020-11-17 23:12:31,771] multiqc                                            [DEBUG  ]  Ignoring file as matched an ignore pattern: Aligned.sortedByCoord.out.bam
[2020-11-17 23:12:31,772] multiqc                                            [DEBUG  ]  Ignoring file as matched an ignore pattern: Aligned.sortedByCoord.out.bam.bai
[2020-11-17 23:12:31,798] multiqc                                            [DEBUG  ]  Ignoring file as matched an ignore pattern: Chimeric.out.sam
[2020-11-17 23:12:31,799] multiqc                                            [DEBUG  ]  Ignoring file as matched an ignore pattern: Aligned.sortedByCoord.out.bam
[2020-11-17 23:12:31,876] multiqc                                            [DEBUG  ]  Ignoring file as matched an ignore pattern: Aligned.sortedByCoord.out.bam.bai
[2020-11-17 23:12:31,908] multiqc                                            [DEBUG  ]  Ignoring file as matched an ignore pattern: Chimeric.out.sam
[2020-11-17 23:12:31,921] multiqc                                            [DEBUG  ]  Ignoring file as matched an ignore pattern: Aligned.sortedByCoord.out.bam
[2020-11-17 23:12:31,992] multiqc                                            [DEBUG  ]  Ignoring file as matched an ignore pattern: Aligned.sortedByCoord.out.bam.bai
[2020-11-17 23:12:32,006] multiqc                                            [DEBUG  ]  Ignoring file as matched an ignore pattern: Chimeric.out.sam
[2020-11-17 23:12:32,015] multiqc                                            [DEBUG  ]  Ignoring file as matched an ignore pattern: Aligned.sortedByCoord.out.bam
[2020-11-17 23:12:32,015] multiqc                                            [DEBUG  ]  Ignoring file as matched an ignore pattern: Aligned.sortedByCoord.out.bam.bai
[2020-11-17 23:12:32,016] multiqc                                            [DEBUG  ]  Ignoring file as matched an ignore pattern: Chimeric.out.sam
[2020-11-17 23:12:32,288] multiqc.plots.bargraph                             [DEBUG  ]  Using matplotlib version 3.1.1
[2020-11-17 23:12:32,303] multiqc                                            [DEBUG  ]  No samples found: featureCounts
[2020-11-17 23:12:32,307] multiqc.plots.linegraph                            [DEBUG  ]  Using matplotlib version 3.1.1
[2020-11-17 23:12:32,324] multiqc.modules.salmon.salmon                      [INFO   ]  Found 18 meta reports
[2020-11-17 23:12:32,324] multiqc.modules.salmon.salmon                      [INFO   ]  Found 18 fragment length distributions
[2020-11-17 23:12:32,518] multiqc.modules.star.star                          [DEBUG  ]  Duplicate ReadsPerGene sample name found! Overwriting: A006200071_119407
[2020-11-17 23:12:32,592] multiqc.modules.star.star                          [DEBUG  ]  Duplicate ReadsPerGene sample name found! Overwriting: A006200071_119435
[2020-11-17 23:12:32,669] multiqc.modules.star.star                          [DEBUG  ]  Duplicate ReadsPerGene sample name found! Overwriting: A006200071_119433
[2020-11-17 23:12:32,737] multiqc.modules.star.star                          [DEBUG  ]  Duplicate ReadsPerGene sample name found! Overwriting: A006200071_119425
[2020-11-17 23:12:32,810] multiqc.modules.star.star                          [DEBUG  ]  Duplicate ReadsPerGene sample name found! Overwriting: A006200071_119419
[2020-11-17 23:12:32,877] multiqc.modules.star.star                          [DEBUG  ]  Duplicate ReadsPerGene sample name found! Overwriting: A006200071_119429
[2020-11-17 23:12:32,951] multiqc.modules.star.star                          [DEBUG  ]  Duplicate ReadsPerGene sample name found! Overwriting: A006200071_119405
[2020-11-17 23:12:33,023] multiqc.modules.star.star                          [DEBUG  ]  Duplicate ReadsPerGene sample name found! Overwriting: A006200071_119423
[2020-11-17 23:12:33,094] multiqc.modules.star.star                          [DEBUG  ]  Duplicate ReadsPerGene sample name found! Overwriting: A006200071_119403
[2020-11-17 23:12:33,163] multiqc.modules.star.star                          [DEBUG  ]  Duplicate ReadsPerGene sample name found! Overwriting: A006200071_119413
[2020-11-17 23:12:33,236] multiqc.modules.star.star                          [DEBUG  ]  Duplicate ReadsPerGene sample name found! Overwriting: A006200071_119427
[2020-11-17 23:12:33,303] multiqc.modules.star.star                          [DEBUG  ]  Duplicate ReadsPerGene sample name found! Overwriting: A006200071_119415
[2020-11-17 23:12:33,378] multiqc.modules.star.star                          [DEBUG  ]  Duplicate ReadsPerGene sample name found! Overwriting: A006200071_119401
[2020-11-17 23:12:33,455] multiqc.modules.star.star                          [DEBUG  ]  Duplicate ReadsPerGene sample name found! Overwriting: A006200071_119421
[2020-11-17 23:12:33,523] multiqc.modules.star.star                          [DEBUG  ]  Duplicate ReadsPerGene sample name found! Overwriting: A006200071_119431
[2020-11-17 23:12:33,608] multiqc.modules.star.star                          [DEBUG  ]  Duplicate ReadsPerGene sample name found! Overwriting: A006200071_119409
[2020-11-17 23:12:33,675] multiqc.modules.star.star                          [DEBUG  ]  Duplicate ReadsPerGene sample name found! Overwriting: A006200071_119411
[2020-11-17 23:12:33,743] multiqc.modules.star.star                          [DEBUG  ]  Duplicate ReadsPerGene sample name found! Overwriting: A006200071_119417
[2020-11-17 23:12:33,743] multiqc.modules.star.star                          [INFO   ]  Found 18 reports and 18 gene count files
[2020-11-17 23:12:33,755] multiqc                                            [DEBUG  ]  No samples found: fastqc
[2020-11-17 23:12:33,773] multiqc                                            [INFO   ]  Compressing plot data
[2020-11-17 23:12:34,003] multiqc                                            [INFO   ]  Report      : ../../QC/multiqc_report.html
[2020-11-17 23:12:34,003] multiqc                                            [INFO   ]  Data        : ../../QC/multiqc_data
[2020-11-17 23:12:34,003] multiqc                                            [DEBUG  ]  Moving data file from '/tmp/tmp3waqen6c/multiqc_data/multiqc_data.json' to '/home/volker/2020_02_UPF3_DW/QC/multiqc_data'
[2020-11-17 23:12:34,005] multiqc                                            [DEBUG  ]  Moving data file from '/tmp/tmp3waqen6c/multiqc_data/multiqc_general_stats.txt' to '/home/volker/2020_02_UPF3_DW/QC/multiqc_data'
[2020-11-17 23:12:34,005] multiqc                                            [DEBUG  ]  Moving data file from '/tmp/tmp3waqen6c/multiqc_data/multiqc_star.txt' to '/home/volker/2020_02_UPF3_DW/QC/multiqc_data'
[2020-11-17 23:12:34,005] multiqc                                            [DEBUG  ]  Moving data file from '/tmp/tmp3waqen6c/multiqc_data/multiqc_salmon.txt' to '/home/volker/2020_02_UPF3_DW/QC/multiqc_data'
[2020-11-17 23:12:34,005] multiqc                                            [DEBUG  ]  Moving data file from '/tmp/tmp3waqen6c/multiqc_data/multiqc_sources.txt' to '/home/volker/2020_02_UPF3_DW/QC/multiqc_data'
[2020-11-17 23:12:34,112] multiqc                                            [INFO   ]  MultiQC complete
