[2021-07-25 10:57:41,908] multiqc                                            [DEBUG  ]  No MultiQC config found: /home/volker/miniconda3/lib/python3.7/site-packages/multiqc_config.yaml
[2021-07-25 10:57:41,910] multiqc                                            [DEBUG  ]  Loading config settings from: /home/volker/.multiqc_config.yaml
[2021-07-25 10:57:41,910] multiqc                                            [DEBUG  ]  New config 'title': General QC analysis
[2021-07-25 10:57:41,910] multiqc                                            [DEBUG  ]  New config 'intro_text': MultiQC reports summarise FastQC, Salmon, featureCounts and STAR analysis results.
[2021-07-25 10:57:41,910] multiqc                                            [DEBUG  ]  New config 'custom_logo': /home/volker/Tools/logo_big.png
[2021-07-25 10:57:41,910] multiqc                                            [DEBUG  ]  New config 'custom_logo_url': http://www.uni-koeln.de/math-nat-fak/genetik/groups/Gehring/
[2021-07-25 10:57:41,910] multiqc                                            [DEBUG  ]  New config 'custom_logo_title': Gehring Lab
[2021-07-25 10:57:41,910] multiqc                                            [DEBUG  ]  New config 'report_header_info': [{'Contact E-mail': 'boehmv@uni-koeln.de'}]
[2021-07-25 10:57:41,910] multiqc                                            [DEBUG  ]  New config 'run_modules': ['fastqc', 'salmon', 'star', 'featureCounts']
[2021-07-25 10:57:41,910] multiqc                                            [DEBUG  ]  New config 'fn_ignore_dirs': ['_STARpass1']
[2021-07-25 10:57:41,910] multiqc                                            [DEBUG  ]  No MultiQC config found: multiqc_config.yaml
[2021-07-25 10:57:41,910] multiqc                                            [DEBUG  ]  Command used: /home/volker/miniconda3/bin/multiqc /home/volker/2018_10_NMD_VB/FASTQ /home/volker/2018_10_NMD_VB/Salmon /srv2/2018_10_NMD_VB/NMD_3B -v -f -o /home/volker/2018_10_NMD_VB/QC/ --sample-names /home/volker/2018_10_NMD_VB/Samples.txt
[2021-07-25 10:57:42,008] multiqc                                            [WARNING]  MultiQC Version v1.11 now available!
[2021-07-25 10:57:42,009] multiqc                                            [DEBUG  ]  Loading sample renaming config settings from: /home/volker/2018_10_NMD_VB/Samples.txt
[2021-07-25 10:57:42,009] multiqc                                            [DEBUG  ]  Found 2 sample renaming patterns
[2021-07-25 10:57:42,009] multiqc                                            [INFO   ]  This is MultiQC v1.8
[2021-07-25 10:57:42,009] multiqc                                            [DEBUG  ]  Command     : /home/volker/miniconda3/bin/multiqc /home/volker/2018_10_NMD_VB/FASTQ /home/volker/2018_10_NMD_VB/Salmon /srv2/2018_10_NMD_VB/NMD_3B -v -f -o /home/volker/2018_10_NMD_VB/QC/ --sample-names /home/volker/2018_10_NMD_VB/Samples.txt
[2021-07-25 10:57:42,009] multiqc                                            [DEBUG  ]  Working dir : /home/volker/2018_10_NMD_VB
[2021-07-25 10:57:42,009] multiqc                                            [INFO   ]  Template    : default
[2021-07-25 10:57:42,009] multiqc                                            [DEBUG  ]  Running Python 3.7.6 | packaged by conda-forge | (default, Jun  1 2020, 18:57:50)  [GCC 7.5.0]
[2021-07-25 10:57:42,009] multiqc                                            [INFO   ]  Report title: General QC analysis
[2021-07-25 10:57:42,010] multiqc                                            [INFO   ]  Searching   : /home/volker/2018_10_NMD_VB/FASTQ
[2021-07-25 10:57:42,010] multiqc                                            [INFO   ]  Searching   : /home/volker/2018_10_NMD_VB/Salmon
[2021-07-25 10:57:42,010] multiqc                                            [INFO   ]  Searching   : /srv2/2018_10_NMD_VB/NMD_3B
[2021-07-25 10:57:42,010] multiqc                                            [INFO   ]  Only using modules fastqc, salmon, star, featureCounts
[2021-07-25 10:57:42,010] multiqc                                            [DEBUG  ]  Analysing modules: featureCounts, salmon, star, fastqc
[2021-07-25 10:57:42,010] multiqc                                            [DEBUG  ]  Using temporary directory for creating report: /tmp/tmpzw2mysvf
[2021-07-25 10:57:42,089] multiqc                                            [DEBUG  ]  Ignored 198 search patterns as didn't match running modules.
[2021-07-25 10:57:42,112] multiqc                                            [DEBUG  ]  Ignoring directory as matched fn_ignore_dirs: /srv2/2018_10_NMD_VB/NMD_3B/BAM/K002000269_94804/_STARpass1
[2021-07-25 10:57:42,117] multiqc                                            [DEBUG  ]  Ignoring directory as matched fn_ignore_dirs: /srv2/2018_10_NMD_VB/NMD_3B/BAM/K002000269_94844/_STARpass1
[2021-07-25 10:57:42,118] multiqc                                            [DEBUG  ]  Ignoring directory as matched fn_ignore_dirs: /srv2/2018_10_NMD_VB/NMD_3B/BAM/K002000269_94802/_STARpass1
[2021-07-25 10:57:42,126] multiqc                                            [DEBUG  ]  Ignoring directory as matched fn_ignore_dirs: /srv2/2018_10_NMD_VB/NMD_3B/BAM/K002000269_94852/_STARpass1
[2021-07-25 10:57:42,126] multiqc                                            [DEBUG  ]  Ignoring directory as matched fn_ignore_dirs: /srv2/2018_10_NMD_VB/NMD_3B/BAM/K002000269_94806/_STARpass1
[2021-07-25 10:57:42,127] multiqc                                            [DEBUG  ]  Ignoring directory as matched fn_ignore_dirs: /srv2/2018_10_NMD_VB/NMD_3B/BAM/K002000269_94848/_STARpass1
[2021-07-25 10:57:42,127] multiqc                                            [DEBUG  ]  Ignoring directory as matched fn_ignore_dirs: /srv2/2018_10_NMD_VB/NMD_3B/BAM/K002000269_94854/_STARpass1
[2021-07-25 10:57:42,127] multiqc                                            [DEBUG  ]  Ignoring directory as matched fn_ignore_dirs: /srv2/2018_10_NMD_VB/NMD_3B/BAM/K002000269_94850/_STARpass1
[2021-07-25 10:57:42,128] multiqc                                            [DEBUG  ]  Ignoring directory as matched fn_ignore_dirs: /srv2/2018_10_NMD_VB/NMD_3B/BAM/K002000269_94846/_STARpass1
[2021-07-25 10:57:42,130] multiqc                                            [DEBUG  ]  Ignoring file as matched an ignore pattern: K002000269_94846_1.fq.gz
[2021-07-25 10:57:42,131] multiqc                                            [DEBUG  ]  Ignoring file as matched an ignore pattern: K002000269_94854_2.fq.gz
[2021-07-25 10:57:42,131] multiqc                                            [DEBUG  ]  Ignoring file as matched an ignore pattern: K002000269_94806_1.fq.gz
[2021-07-25 10:57:42,131] multiqc                                            [DEBUG  ]  Ignoring file as matched an ignore pattern: K002000269_94848_1.fq.gz
[2021-07-25 10:57:42,131] multiqc                                            [DEBUG  ]  Ignoring file as matched an ignore pattern: K002000269_94804_1.fq.gz
[2021-07-25 10:57:42,131] multiqc                                            [DEBUG  ]  Ignoring file as matched an ignore pattern: K002000269_94804_2.fq.gz
[2021-07-25 10:57:42,131] multiqc                                            [DEBUG  ]  Ignoring file as matched an ignore pattern: K002000269_94806_2.fq.gz
[2021-07-25 10:57:42,131] multiqc                                            [DEBUG  ]  Ignoring file as matched an ignore pattern: K002000269_94850_1.fq.gz
[2021-07-25 10:57:42,131] multiqc                                            [DEBUG  ]  Ignoring file as matched an ignore pattern: K002000269_94802_1.fq.gz
[2021-07-25 10:57:42,131] multiqc                                            [DEBUG  ]  Ignoring file as matched an ignore pattern: K002000269_94850_2.fq.gz
[2021-07-25 10:57:42,132] multiqc                                            [DEBUG  ]  Ignoring file as matched an ignore pattern: K002000269_94846_2.fq.gz
[2021-07-25 10:57:42,132] multiqc                                            [DEBUG  ]  Ignoring file as matched an ignore pattern: K002000269_94844_1.fq.gz
[2021-07-25 10:57:42,132] multiqc                                            [DEBUG  ]  Ignoring file as matched an ignore pattern: K002000269_94852_2.fq.gz
[2021-07-25 10:57:42,132] multiqc                                            [DEBUG  ]  Ignoring file as matched an ignore pattern: K002000269_94852_1.fq.gz
[2021-07-25 10:57:42,132] multiqc                                            [DEBUG  ]  Ignoring file as matched an ignore pattern: K002000269_94848_2.fq.gz
[2021-07-25 10:57:42,132] multiqc                                            [DEBUG  ]  Ignoring file as matched an ignore pattern: K002000269_94802_2.fq.gz
[2021-07-25 10:57:42,132] multiqc                                            [DEBUG  ]  Ignoring file as matched an ignore pattern: K002000269_94854_1.fq.gz
[2021-07-25 10:57:42,132] multiqc                                            [DEBUG  ]  Ignoring file as matched an ignore pattern: K002000269_94844_2.fq.gz
[2021-07-25 10:57:42,135] multiqc                                            [DEBUG  ]  Ignoring file as matched an ignore pattern: K002000269_94850_1_fastqc.html
[2021-07-25 10:57:42,135] multiqc                                            [DEBUG  ]  Ignoring file as matched an ignore pattern: K002000269_94846_1_fastqc.html
[2021-07-25 10:57:42,135] multiqc                                            [DEBUG  ]  Ignoring file as matched an ignore pattern: K002000269_94852_1_fastqc.html
[2021-07-25 10:57:42,135] multiqc                                            [DEBUG  ]  Ignoring file as matched an ignore pattern: K002000269_94848_2_fastqc.html
[2021-07-25 10:57:42,135] multiqc                                            [DEBUG  ]  Ignoring file as matched an ignore pattern: K002000269_94848_1_fastqc.html
[2021-07-25 10:57:42,135] multiqc                                            [DEBUG  ]  Ignoring file as matched an ignore pattern: K002000269_94854_1_fastqc.html
[2021-07-25 10:57:42,135] multiqc                                            [DEBUG  ]  Ignoring file as matched an ignore pattern: K002000269_94802_2_fastqc.html
[2021-07-25 10:57:42,136] multiqc                                            [DEBUG  ]  Ignoring file as matched an ignore pattern: K002000269_94804_2_fastqc.html
[2021-07-25 10:57:42,136] multiqc                                            [DEBUG  ]  Ignoring file as matched an ignore pattern: K002000269_94850_2_fastqc.html
[2021-07-25 10:57:42,136] multiqc                                            [DEBUG  ]  Ignoring file as matched an ignore pattern: K002000269_94806_2_fastqc.html
[2021-07-25 10:57:42,136] multiqc                                            [DEBUG  ]  Ignoring file as matched an ignore pattern: K002000269_94804_1_fastqc.html
[2021-07-25 10:57:42,136] multiqc                                            [DEBUG  ]  Ignoring file as matched an ignore pattern: K002000269_94846_2_fastqc.html
[2021-07-25 10:57:42,136] multiqc                                            [DEBUG  ]  Ignoring file as matched an ignore pattern: K002000269_94852_2_fastqc.html
[2021-07-25 10:57:42,137] multiqc                                            [DEBUG  ]  Ignoring file as matched an ignore pattern: K002000269_94844_1_fastqc.html
[2021-07-25 10:57:42,137] multiqc                                            [DEBUG  ]  Ignoring file as matched an ignore pattern: K002000269_94806_1_fastqc.html
[2021-07-25 10:57:42,137] multiqc                                            [DEBUG  ]  Ignoring file as matched an ignore pattern: K002000269_94854_2_fastqc.html
[2021-07-25 10:57:42,137] multiqc                                            [DEBUG  ]  Ignoring file as matched an ignore pattern: K002000269_94844_2_fastqc.html
[2021-07-25 10:57:42,137] multiqc                                            [DEBUG  ]  Ignoring file as matched an ignore pattern: K002000269_94802_1_fastqc.html
[2021-07-25 10:57:42,643] multiqc                                            [DEBUG  ]  Ignoring file as matched an ignore pattern: Aligned.sortedByCoord.out.bam
[2021-07-25 10:57:42,717] multiqc                                            [DEBUG  ]  Ignoring file as matched an ignore pattern: Aligned.sortedByCoord.out.bam.bai
[2021-07-25 10:57:42,744] multiqc                                            [DEBUG  ]  Ignoring file as matched an ignore pattern: Chimeric.out.sam
[2021-07-25 10:57:42,748] multiqc                                            [DEBUG  ]  Ignoring file as matched an ignore pattern: Aligned.sortedByCoord.out.bam
[2021-07-25 10:57:42,815] multiqc                                            [DEBUG  ]  Ignoring file as matched an ignore pattern: Aligned.sortedByCoord.out.bam.bai
[2021-07-25 10:57:42,858] multiqc                                            [DEBUG  ]  Ignoring file as matched an ignore pattern: Chimeric.out.sam
[2021-07-25 10:57:42,863] multiqc                                            [DEBUG  ]  Ignoring file as matched an ignore pattern: Aligned.sortedByCoord.out.bam
[2021-07-25 10:57:42,944] multiqc                                            [DEBUG  ]  Ignoring file as matched an ignore pattern: Aligned.sortedByCoord.out.bam.bai
[2021-07-25 10:57:42,969] multiqc                                            [DEBUG  ]  Ignoring file as matched an ignore pattern: Chimeric.out.sam
[2021-07-25 10:57:42,975] multiqc                                            [DEBUG  ]  Ignoring file as matched an ignore pattern: Aligned.sortedByCoord.out.bam
[2021-07-25 10:57:43,059] multiqc                                            [DEBUG  ]  Ignoring file as matched an ignore pattern: Aligned.sortedByCoord.out.bam.bai
[2021-07-25 10:57:43,079] multiqc                                            [DEBUG  ]  Ignoring file as matched an ignore pattern: Chimeric.out.sam
[2021-07-25 10:57:43,089] multiqc                                            [DEBUG  ]  Ignoring file as matched an ignore pattern: Aligned.sortedByCoord.out.bam
[2021-07-25 10:57:43,160] multiqc                                            [DEBUG  ]  Ignoring file as matched an ignore pattern: Aligned.sortedByCoord.out.bam.bai
[2021-07-25 10:57:43,187] multiqc                                            [DEBUG  ]  Ignoring file as matched an ignore pattern: Chimeric.out.sam
[2021-07-25 10:57:43,188] multiqc                                            [DEBUG  ]  Ignoring file as matched an ignore pattern: Aligned.sortedByCoord.out.bam
[2021-07-25 10:57:43,272] multiqc                                            [DEBUG  ]  Ignoring file as matched an ignore pattern: Aligned.sortedByCoord.out.bam.bai
[2021-07-25 10:57:43,289] multiqc                                            [DEBUG  ]  Ignoring file as matched an ignore pattern: Chimeric.out.sam
[2021-07-25 10:57:43,302] multiqc                                            [DEBUG  ]  Ignoring file as matched an ignore pattern: Aligned.sortedByCoord.out.bam
[2021-07-25 10:57:43,302] multiqc                                            [DEBUG  ]  Ignoring file as matched an ignore pattern: Aligned.sortedByCoord.out.bam.bai
[2021-07-25 10:57:43,318] multiqc                                            [DEBUG  ]  Ignoring file as matched an ignore pattern: Chimeric.out.sam
[2021-07-25 10:57:43,319] multiqc                                            [DEBUG  ]  Ignoring file as matched an ignore pattern: Aligned.sortedByCoord.out.bam
[2021-07-25 10:57:43,409] multiqc                                            [DEBUG  ]  Ignoring file as matched an ignore pattern: Aligned.sortedByCoord.out.bam.bai
[2021-07-25 10:57:43,426] multiqc                                            [DEBUG  ]  Ignoring file as matched an ignore pattern: Chimeric.out.sam
[2021-07-25 10:57:43,437] multiqc                                            [DEBUG  ]  Ignoring file as matched an ignore pattern: Aligned.sortedByCoord.out.bam
[2021-07-25 10:57:43,525] multiqc                                            [DEBUG  ]  Ignoring file as matched an ignore pattern: Aligned.sortedByCoord.out.bam.bai
[2021-07-25 10:57:43,555] multiqc                                            [DEBUG  ]  Ignoring file as matched an ignore pattern: Chimeric.out.sam
[2021-07-25 10:57:43,725] multiqc.plots.bargraph                             [DEBUG  ]  Using matplotlib version 3.1.1
[2021-07-25 10:57:43,740] multiqc                                            [DEBUG  ]  No samples found: featureCounts
[2021-07-25 10:57:43,744] multiqc.plots.linegraph                            [DEBUG  ]  Using matplotlib version 3.1.1
[2021-07-25 10:57:43,754] multiqc.modules.salmon.salmon                      [INFO   ]  Found 9 meta reports
[2021-07-25 10:57:43,755] multiqc.modules.salmon.salmon                      [INFO   ]  Found 9 fragment length distributions
[2021-07-25 10:57:43,907] multiqc.modules.star.star                          [DEBUG  ]  Duplicate ReadsPerGene sample name found! Overwriting: K002000269_94804
[2021-07-25 10:57:43,978] multiqc.modules.star.star                          [DEBUG  ]  Duplicate ReadsPerGene sample name found! Overwriting: K002000269_94844
[2021-07-25 10:57:44,052] multiqc.modules.star.star                          [DEBUG  ]  Duplicate ReadsPerGene sample name found! Overwriting: K002000269_94802
[2021-07-25 10:57:44,125] multiqc.modules.star.star                          [DEBUG  ]  Duplicate ReadsPerGene sample name found! Overwriting: K002000269_94852
[2021-07-25 10:57:44,190] multiqc.modules.star.star                          [DEBUG  ]  Duplicate ReadsPerGene sample name found! Overwriting: K002000269_94806
[2021-07-25 10:57:44,263] multiqc.modules.star.star                          [DEBUG  ]  Duplicate ReadsPerGene sample name found! Overwriting: K002000269_94848
[2021-07-25 10:57:44,334] multiqc.modules.star.star                          [DEBUG  ]  Duplicate ReadsPerGene sample name found! Overwriting: K002000269_94854
[2021-07-25 10:57:44,401] multiqc.modules.star.star                          [DEBUG  ]  Duplicate ReadsPerGene sample name found! Overwriting: K002000269_94850
[2021-07-25 10:57:44,469] multiqc.modules.star.star                          [DEBUG  ]  Duplicate ReadsPerGene sample name found! Overwriting: K002000269_94846
[2021-07-25 10:57:44,469] multiqc.modules.star.star                          [INFO   ]  Found 9 reports and 9 gene count files
[2021-07-25 10:57:44,859] multiqc.modules.fastqc.fastqc                      [INFO   ]  Found 18 reports
[2021-07-25 10:57:45,162] multiqc                                            [INFO   ]  Compressing plot data
[2021-07-25 10:57:45,501] multiqc                                            [WARNING]  Deleting    : QC/multiqc_report.html   (-f was specified)
[2021-07-25 10:57:45,501] multiqc                                            [WARNING]  Deleting    : QC/multiqc_data   (-f was specified)
[2021-07-25 10:57:45,501] multiqc                                            [INFO   ]  Report      : QC/multiqc_report.html
[2021-07-25 10:57:45,501] multiqc                                            [INFO   ]  Data        : QC/multiqc_data
[2021-07-25 10:57:45,502] multiqc                                            [DEBUG  ]  Moving data file from '/tmp/tmpzw2mysvf/multiqc_data/multiqc_fastqc.txt' to '/home/volker/2018_10_NMD_VB/QC/multiqc_data'
[2021-07-25 10:57:45,502] multiqc                                            [DEBUG  ]  Moving data file from '/tmp/tmpzw2mysvf/multiqc_data/multiqc_data.json' to '/home/volker/2018_10_NMD_VB/QC/multiqc_data'
[2021-07-25 10:57:45,504] multiqc                                            [DEBUG  ]  Moving data file from '/tmp/tmpzw2mysvf/multiqc_data/multiqc_general_stats.txt' to '/home/volker/2018_10_NMD_VB/QC/multiqc_data'
[2021-07-25 10:57:45,504] multiqc                                            [DEBUG  ]  Moving data file from '/tmp/tmpzw2mysvf/multiqc_data/multiqc_star.txt' to '/home/volker/2018_10_NMD_VB/QC/multiqc_data'
[2021-07-25 10:57:45,504] multiqc                                            [DEBUG  ]  Moving data file from '/tmp/tmpzw2mysvf/multiqc_data/multiqc_salmon.txt' to '/home/volker/2018_10_NMD_VB/QC/multiqc_data'
[2021-07-25 10:57:45,504] multiqc                                            [DEBUG  ]  Moving data file from '/tmp/tmpzw2mysvf/multiqc_data/multiqc_sources.txt' to '/home/volker/2018_10_NMD_VB/QC/multiqc_data'
[2021-07-25 10:57:45,591] multiqc                                            [INFO   ]  MultiQC complete
