[2021-07-25 10:45:43,203] multiqc                                            [DEBUG  ]  No MultiQC config found: /home/volker/miniconda3/lib/python3.7/site-packages/multiqc_config.yaml
[2021-07-25 10:45:43,205] multiqc                                            [DEBUG  ]  Loading config settings from: /home/volker/.multiqc_config.yaml
[2021-07-25 10:45:43,205] multiqc                                            [DEBUG  ]  New config 'title': General QC analysis
[2021-07-25 10:45:43,206] multiqc                                            [DEBUG  ]  New config 'intro_text': MultiQC reports summarise FastQC, Salmon, featureCounts and STAR analysis results.
[2021-07-25 10:45:43,206] multiqc                                            [DEBUG  ]  New config 'custom_logo': /home/volker/Tools/logo_big.png
[2021-07-25 10:45:43,206] multiqc                                            [DEBUG  ]  New config 'custom_logo_url': http://www.uni-koeln.de/math-nat-fak/genetik/groups/Gehring/
[2021-07-25 10:45:43,206] multiqc                                            [DEBUG  ]  New config 'custom_logo_title': Gehring Lab
[2021-07-25 10:45:43,206] multiqc                                            [DEBUG  ]  New config 'report_header_info': [{'Contact E-mail': 'boehmv@uni-koeln.de'}]
[2021-07-25 10:45:43,206] multiqc                                            [DEBUG  ]  New config 'run_modules': ['fastqc', 'salmon', 'star', 'featureCounts']
[2021-07-25 10:45:43,206] multiqc                                            [DEBUG  ]  New config 'fn_ignore_dirs': ['_STARpass1']
[2021-07-25 10:45:43,206] multiqc                                            [DEBUG  ]  No MultiQC config found: multiqc_config.yaml
[2021-07-25 10:45:43,206] multiqc                                            [DEBUG  ]  Command used: /home/volker/miniconda3/bin/multiqc /home/volker/2020_11_UPF3_DW/FASTQ /home/volker/2020_11_UPF3_DW/Salmon /srv/2020_11_UPF3_DW/UPF3 -v -f -o /home/volker/2020_11_UPF3_DW/QC/ --sample-names /home/volker/2020_11_UPF3_DW/Samples.txt
[2021-07-25 10:45:43,517] multiqc                                            [WARNING]  MultiQC Version v1.11 now available!
[2021-07-25 10:45:43,517] multiqc                                            [DEBUG  ]  Loading sample renaming config settings from: /home/volker/2020_11_UPF3_DW/Samples.txt
[2021-07-25 10:45:43,518] multiqc                                            [DEBUG  ]  Found 2 sample renaming patterns
[2021-07-25 10:45:43,518] multiqc                                            [INFO   ]  This is MultiQC v1.8
[2021-07-25 10:45:43,518] multiqc                                            [DEBUG  ]  Command     : /home/volker/miniconda3/bin/multiqc /home/volker/2020_11_UPF3_DW/FASTQ /home/volker/2020_11_UPF3_DW/Salmon /srv/2020_11_UPF3_DW/UPF3 -v -f -o /home/volker/2020_11_UPF3_DW/QC/ --sample-names /home/volker/2020_11_UPF3_DW/Samples.txt
[2021-07-25 10:45:43,518] multiqc                                            [DEBUG  ]  Working dir : /home/volker/2020_11_UPF3_DW
[2021-07-25 10:45:43,518] multiqc                                            [INFO   ]  Template    : default
[2021-07-25 10:45:43,518] multiqc                                            [DEBUG  ]  Running Python 3.7.6 | packaged by conda-forge | (default, Jun  1 2020, 18:57:50)  [GCC 7.5.0]
[2021-07-25 10:45:43,518] multiqc                                            [INFO   ]  Report title: General QC analysis
[2021-07-25 10:45:43,518] multiqc                                            [INFO   ]  Searching   : /home/volker/2020_11_UPF3_DW/FASTQ
[2021-07-25 10:45:43,518] multiqc                                            [INFO   ]  Searching   : /home/volker/2020_11_UPF3_DW/Salmon
[2021-07-25 10:45:43,518] multiqc                                            [INFO   ]  Searching   : /srv/2020_11_UPF3_DW/UPF3
[2021-07-25 10:45:43,518] multiqc                                            [INFO   ]  Only using modules fastqc, salmon, star, featureCounts
[2021-07-25 10:45:43,519] multiqc                                            [DEBUG  ]  Analysing modules: featureCounts, salmon, star, fastqc
[2021-07-25 10:45:43,519] multiqc                                            [DEBUG  ]  Using temporary directory for creating report: /tmp/tmpd6oci0m4
[2021-07-25 10:45:43,600] multiqc                                            [DEBUG  ]  Ignored 198 search patterns as didn't match running modules.
[2021-07-25 10:45:43,614] multiqc                                            [DEBUG  ]  Ignoring directory as matched fn_ignore_dirs: /srv/2020_11_UPF3_DW/UPF3/BAM/A006850100_136512/_STARpass1
[2021-07-25 10:45:43,615] multiqc                                            [DEBUG  ]  Ignoring directory as matched fn_ignore_dirs: /srv/2020_11_UPF3_DW/UPF3/BAM/A006850100_136526/_STARpass1
[2021-07-25 10:45:43,615] multiqc                                            [DEBUG  ]  Ignoring directory as matched fn_ignore_dirs: /srv/2020_11_UPF3_DW/UPF3/BAM/A006850100_136496/_STARpass1
[2021-07-25 10:45:43,615] multiqc                                            [DEBUG  ]  Ignoring directory as matched fn_ignore_dirs: /srv/2020_11_UPF3_DW/UPF3/BAM/A006850100_136530/_STARpass1
[2021-07-25 10:45:43,616] multiqc                                            [DEBUG  ]  Ignoring directory as matched fn_ignore_dirs: /srv/2020_11_UPF3_DW/UPF3/BAM/A006850100_136528/_STARpass1
[2021-07-25 10:45:43,616] multiqc                                            [DEBUG  ]  Ignoring directory as matched fn_ignore_dirs: /srv/2020_11_UPF3_DW/UPF3/BAM/A006850100_136516/_STARpass1
[2021-07-25 10:45:43,616] multiqc                                            [DEBUG  ]  Ignoring directory as matched fn_ignore_dirs: /srv/2020_11_UPF3_DW/UPF3/BAM/A006850100_136504/_STARpass1
[2021-07-25 10:45:43,617] multiqc                                            [DEBUG  ]  Ignoring directory as matched fn_ignore_dirs: /srv/2020_11_UPF3_DW/UPF3/BAM/A006850100_136520/_STARpass1
[2021-07-25 10:45:43,617] multiqc                                            [DEBUG  ]  Ignoring directory as matched fn_ignore_dirs: /srv/2020_11_UPF3_DW/UPF3/BAM/A006850100_136532/_STARpass1
[2021-07-25 10:45:43,618] multiqc                                            [DEBUG  ]  Ignoring directory as matched fn_ignore_dirs: /srv/2020_11_UPF3_DW/UPF3/BAM/A006850100_136524/_STARpass1
[2021-07-25 10:45:43,618] multiqc                                            [DEBUG  ]  Ignoring directory as matched fn_ignore_dirs: /srv/2020_11_UPF3_DW/UPF3/BAM/A006850100_136518/_STARpass1
[2021-07-25 10:45:43,618] multiqc                                            [DEBUG  ]  Ignoring directory as matched fn_ignore_dirs: /srv/2020_11_UPF3_DW/UPF3/BAM/A006850100_136498/_STARpass1
[2021-07-25 10:45:43,619] multiqc                                            [DEBUG  ]  Ignoring directory as matched fn_ignore_dirs: /srv/2020_11_UPF3_DW/UPF3/BAM/A006850100_136534/_STARpass1
[2021-07-25 10:45:43,619] multiqc                                            [DEBUG  ]  Ignoring directory as matched fn_ignore_dirs: /srv/2020_11_UPF3_DW/UPF3/BAM/A006850100_136522/_STARpass1
[2021-07-25 10:45:43,619] multiqc                                            [DEBUG  ]  Ignoring directory as matched fn_ignore_dirs: /srv/2020_11_UPF3_DW/UPF3/BAM/A006850100_136508/_STARpass1
[2021-07-25 10:45:43,620] multiqc                                            [DEBUG  ]  Ignoring directory as matched fn_ignore_dirs: /srv/2020_11_UPF3_DW/UPF3/BAM/A006850100_136506/_STARpass1
[2021-07-25 10:45:43,620] multiqc                                            [DEBUG  ]  Ignoring directory as matched fn_ignore_dirs: /srv/2020_11_UPF3_DW/UPF3/BAM/A006850100_136502/_STARpass1
[2021-07-25 10:45:43,620] multiqc                                            [DEBUG  ]  Ignoring directory as matched fn_ignore_dirs: /srv/2020_11_UPF3_DW/UPF3/BAM/A006850100_136510/_STARpass1
[2021-07-25 10:45:43,621] multiqc                                            [DEBUG  ]  Ignoring directory as matched fn_ignore_dirs: /srv/2020_11_UPF3_DW/UPF3/BAM/A006850100_136500/_STARpass1
[2021-07-25 10:45:43,621] multiqc                                            [DEBUG  ]  Ignoring directory as matched fn_ignore_dirs: /srv/2020_11_UPF3_DW/UPF3/BAM/A006850100_136514/_STARpass1
[2021-07-25 10:45:43,621] multiqc                                            [DEBUG  ]  Ignoring directory as matched fn_ignore_dirs: /srv/2020_11_UPF3_DW/UPF3/BAM/A006850100_136536/_STARpass1
[2021-07-25 10:45:43,625] multiqc                                            [DEBUG  ]  Ignoring file as matched an ignore pattern: A006850100_136530_1.fq.gz
[2021-07-25 10:45:43,625] multiqc                                            [DEBUG  ]  Ignoring file as matched an ignore pattern: A006850100_136532_1.fq.gz
[2021-07-25 10:45:43,625] multiqc                                            [DEBUG  ]  Ignoring file as matched an ignore pattern: A006850100_136510_2.fq.gz
[2021-07-25 10:45:43,625] multiqc                                            [DEBUG  ]  Ignoring file as matched an ignore pattern: A006850100_136520_1.fq.gz
[2021-07-25 10:45:43,625] multiqc                                            [DEBUG  ]  Ignoring file as matched an ignore pattern: A006850100_136518_1.fq.gz
[2021-07-25 10:45:43,625] multiqc                                            [DEBUG  ]  Ignoring file as matched an ignore pattern: A006850100_136526_1.fq.gz
[2021-07-25 10:45:43,626] multiqc                                            [DEBUG  ]  Ignoring file as matched an ignore pattern: A006850100_136522_2.fq.gz
[2021-07-25 10:45:43,626] multiqc                                            [DEBUG  ]  Ignoring file as matched an ignore pattern: A006850100_136520_2.fq.gz
[2021-07-25 10:45:43,626] multiqc                                            [DEBUG  ]  Ignoring file as matched an ignore pattern: A006850100_136496_1.fq.gz
[2021-07-25 10:45:43,626] multiqc                                            [DEBUG  ]  Ignoring file as matched an ignore pattern: A006850100_136502_2.fq.gz
[2021-07-25 10:45:43,626] multiqc                                            [DEBUG  ]  Ignoring file as matched an ignore pattern: A006850100_136514_2.fq.gz
[2021-07-25 10:45:43,626] multiqc                                            [DEBUG  ]  Ignoring file as matched an ignore pattern: A006850100_136534_1.fq.gz
[2021-07-25 10:45:43,626] multiqc                                            [DEBUG  ]  Ignoring file as matched an ignore pattern: A006850100_136516_1.fq.gz
[2021-07-25 10:45:43,626] multiqc                                            [DEBUG  ]  Ignoring file as matched an ignore pattern: A006850100_136512_2.fq.gz
[2021-07-25 10:45:43,626] multiqc                                            [DEBUG  ]  Ignoring file as matched an ignore pattern: A006850100_136536_1.fq.gz
[2021-07-25 10:45:43,626] multiqc                                            [DEBUG  ]  Ignoring file as matched an ignore pattern: A006850100_136498_2.fq.gz
[2021-07-25 10:45:43,627] multiqc                                            [DEBUG  ]  Ignoring file as matched an ignore pattern: A006850100_136528_1.fq.gz
[2021-07-25 10:45:43,627] multiqc                                            [DEBUG  ]  Ignoring file as matched an ignore pattern: A006850100_136528_2.fq.gz
[2021-07-25 10:45:43,627] multiqc                                            [DEBUG  ]  Ignoring file as matched an ignore pattern: A006850100_136534_2.fq.gz
[2021-07-25 10:45:43,627] multiqc                                            [DEBUG  ]  Ignoring file as matched an ignore pattern: A006850100_136522_1.fq.gz
[2021-07-25 10:45:43,627] multiqc                                            [DEBUG  ]  Ignoring file as matched an ignore pattern: A006850100_136500_2.fq.gz
[2021-07-25 10:45:43,627] multiqc                                            [DEBUG  ]  Ignoring file as matched an ignore pattern: A006850100_136518_2.fq.gz
[2021-07-25 10:45:43,627] multiqc                                            [DEBUG  ]  Ignoring file as matched an ignore pattern: A006850100_136526_2.fq.gz
[2021-07-25 10:45:43,627] multiqc                                            [DEBUG  ]  Ignoring file as matched an ignore pattern: A006850100_136536_2.fq.gz
[2021-07-25 10:45:43,627] multiqc                                            [DEBUG  ]  Ignoring file as matched an ignore pattern: A006850100_136516_2.fq.gz
[2021-07-25 10:45:43,627] multiqc                                            [DEBUG  ]  Ignoring file as matched an ignore pattern: A006850100_136530_2.fq.gz
[2021-07-25 10:45:43,628] multiqc                                            [DEBUG  ]  Ignoring file as matched an ignore pattern: A006850100_136500_1.fq.gz
[2021-07-25 10:45:43,628] multiqc                                            [DEBUG  ]  Ignoring file as matched an ignore pattern: A006850100_136498_1.fq.gz
[2021-07-25 10:45:43,628] multiqc                                            [DEBUG  ]  Ignoring file as matched an ignore pattern: A006850100_136524_1.fq.gz
[2021-07-25 10:45:43,628] multiqc                                            [DEBUG  ]  Ignoring file as matched an ignore pattern: A006850100_136532_2.fq.gz
[2021-07-25 10:45:43,628] multiqc                                            [DEBUG  ]  Ignoring file as matched an ignore pattern: A006850100_136508_1.fq.gz
[2021-07-25 10:45:43,628] multiqc                                            [DEBUG  ]  Ignoring file as matched an ignore pattern: A006850100_136502_1.fq.gz
[2021-07-25 10:45:43,628] multiqc                                            [DEBUG  ]  Ignoring file as matched an ignore pattern: A006850100_136506_1.fq.gz
[2021-07-25 10:45:43,628] multiqc                                            [DEBUG  ]  Ignoring file as matched an ignore pattern: A006850100_136504_1.fq.gz
[2021-07-25 10:45:43,633] multiqc                                            [DEBUG  ]  Ignoring file as matched an ignore pattern: A006850100_136504_2.fq.gz
[2021-07-25 10:45:43,633] multiqc                                            [DEBUG  ]  Ignoring file as matched an ignore pattern: A006850100_136514_1.fq.gz
[2021-07-25 10:45:43,633] multiqc                                            [DEBUG  ]  Ignoring file as matched an ignore pattern: A006850100_136506_2.fq.gz
[2021-07-25 10:45:43,634] multiqc                                            [DEBUG  ]  Ignoring file as matched an ignore pattern: A006850100_136524_2.fq.gz
[2021-07-25 10:45:43,634] multiqc                                            [DEBUG  ]  Ignoring file as matched an ignore pattern: A006850100_136496_2.fq.gz
[2021-07-25 10:45:43,634] multiqc                                            [DEBUG  ]  Ignoring file as matched an ignore pattern: A006850100_136508_2.fq.gz
[2021-07-25 10:45:43,634] multiqc                                            [DEBUG  ]  Ignoring file as matched an ignore pattern: A006850100_136510_1.fq.gz
[2021-07-25 10:45:43,634] multiqc                                            [DEBUG  ]  Ignoring file as matched an ignore pattern: A006850100_136512_1.fq.gz
[2021-07-25 10:45:43,634] multiqc                                            [DEBUG  ]  Ignoring file as matched an ignore pattern: A006850100_136510_2_fastqc.html
[2021-07-25 10:45:43,634] multiqc                                            [DEBUG  ]  Ignoring file as matched an ignore pattern: A006850100_136512_2_fastqc.html
[2021-07-25 10:45:43,634] multiqc                                            [DEBUG  ]  Ignoring file as matched an ignore pattern: A006850100_136518_2_fastqc.html
[2021-07-25 10:45:43,635] multiqc                                            [DEBUG  ]  Ignoring file as matched an ignore pattern: A006850100_136504_1_fastqc.html
[2021-07-25 10:45:43,635] multiqc                                            [DEBUG  ]  Ignoring file as matched an ignore pattern: A006850100_136524_1_fastqc.html
[2021-07-25 10:45:43,635] multiqc                                            [DEBUG  ]  Ignoring file as matched an ignore pattern: A006850100_136516_2_fastqc.html
[2021-07-25 10:45:43,635] multiqc                                            [DEBUG  ]  Ignoring file as matched an ignore pattern: A006850100_136510_1_fastqc.html
[2021-07-25 10:45:43,635] multiqc                                            [DEBUG  ]  Ignoring file as matched an ignore pattern: A006850100_136530_2_fastqc.html
[2021-07-25 10:45:43,635] multiqc                                            [DEBUG  ]  Ignoring file as matched an ignore pattern: A006850100_136498_2_fastqc.html
[2021-07-25 10:45:43,635] multiqc                                            [DEBUG  ]  Ignoring file as matched an ignore pattern: A006850100_136520_1_fastqc.html
[2021-07-25 10:45:43,635] multiqc                                            [DEBUG  ]  Ignoring file as matched an ignore pattern: A006850100_136498_1_fastqc.html
[2021-07-25 10:45:43,635] multiqc                                            [DEBUG  ]  Ignoring file as matched an ignore pattern: A006850100_136508_1_fastqc.html
[2021-07-25 10:45:43,636] multiqc                                            [DEBUG  ]  Ignoring file as matched an ignore pattern: A006850100_136518_1_fastqc.html
[2021-07-25 10:45:43,636] multiqc                                            [DEBUG  ]  Ignoring file as matched an ignore pattern: A006850100_136508_2_fastqc.html
[2021-07-25 10:45:43,636] multiqc                                            [DEBUG  ]  Ignoring file as matched an ignore pattern: A006850100_136504_2_fastqc.html
[2021-07-25 10:45:43,636] multiqc                                            [DEBUG  ]  Ignoring file as matched an ignore pattern: A006850100_136516_1_fastqc.html
[2021-07-25 10:45:43,636] multiqc                                            [DEBUG  ]  Ignoring file as matched an ignore pattern: A006850100_136522_1_fastqc.html
[2021-07-25 10:45:43,636] multiqc                                            [DEBUG  ]  Ignoring file as matched an ignore pattern: A006850100_136530_1_fastqc.html
[2021-07-25 10:45:43,636] multiqc                                            [DEBUG  ]  Ignoring file as matched an ignore pattern: A006850100_136514_2_fastqc.html
[2021-07-25 10:45:43,637] multiqc                                            [DEBUG  ]  Ignoring file as matched an ignore pattern: A006850100_136502_2_fastqc.html
[2021-07-25 10:45:43,637] multiqc                                            [DEBUG  ]  Ignoring file as matched an ignore pattern: A006850100_136500_1_fastqc.html
[2021-07-25 10:45:43,637] multiqc                                            [DEBUG  ]  Ignoring file as matched an ignore pattern: A006850100_136536_2_fastqc.html
[2021-07-25 10:45:43,637] multiqc                                            [DEBUG  ]  Ignoring file as matched an ignore pattern: A006850100_136534_1_fastqc.html
[2021-07-25 10:45:43,638] multiqc                                            [DEBUG  ]  Ignoring file as matched an ignore pattern: A006850100_136526_2_fastqc.html
[2021-07-25 10:45:43,638] multiqc                                            [DEBUG  ]  Ignoring file as matched an ignore pattern: A006850100_136502_1_fastqc.html
[2021-07-25 10:45:43,638] multiqc                                            [DEBUG  ]  Ignoring file as matched an ignore pattern: A006850100_136514_1_fastqc.html
[2021-07-25 10:45:43,638] multiqc                                            [DEBUG  ]  Ignoring file as matched an ignore pattern: A006850100_136534_2_fastqc.html
[2021-07-25 10:45:43,638] multiqc                                            [DEBUG  ]  Ignoring file as matched an ignore pattern: A006850100_136496_2_fastqc.html
[2021-07-25 10:45:43,638] multiqc                                            [DEBUG  ]  Ignoring file as matched an ignore pattern: A006850100_136532_1_fastqc.html
[2021-07-25 10:45:43,638] multiqc                                            [DEBUG  ]  Ignoring file as matched an ignore pattern: A006850100_136536_1_fastqc.html
[2021-07-25 10:45:43,639] multiqc                                            [DEBUG  ]  Ignoring file as matched an ignore pattern: A006850100_136526_1_fastqc.html
[2021-07-25 10:45:43,639] multiqc                                            [DEBUG  ]  Ignoring file as matched an ignore pattern: A006850100_136506_2_fastqc.html
[2021-07-25 10:45:43,639] multiqc                                            [DEBUG  ]  Ignoring file as matched an ignore pattern: A006850100_136506_1_fastqc.html
[2021-07-25 10:45:43,639] multiqc                                            [DEBUG  ]  Ignoring file as matched an ignore pattern: A006850100_136524_2_fastqc.html
[2021-07-25 10:45:43,639] multiqc                                            [DEBUG  ]  Ignoring file as matched an ignore pattern: A006850100_136528_1_fastqc.html
[2021-07-25 10:45:43,639] multiqc                                            [DEBUG  ]  Ignoring file as matched an ignore pattern: A006850100_136496_1_fastqc.html
[2021-07-25 10:45:43,640] multiqc                                            [DEBUG  ]  Ignoring file as matched an ignore pattern: A006850100_136528_2_fastqc.html
[2021-07-25 10:45:43,640] multiqc                                            [DEBUG  ]  Ignoring file as matched an ignore pattern: A006850100_136500_2_fastqc.html
[2021-07-25 10:45:43,640] multiqc                                            [DEBUG  ]  Ignoring file as matched an ignore pattern: A006850100_136512_1_fastqc.html
[2021-07-25 10:45:43,640] multiqc                                            [DEBUG  ]  Ignoring file as matched an ignore pattern: A006850100_136522_2_fastqc.html
[2021-07-25 10:45:43,641] multiqc                                            [DEBUG  ]  Ignoring file as matched an ignore pattern: A006850100_136520_2_fastqc.html
[2021-07-25 10:45:43,641] multiqc                                            [DEBUG  ]  Ignoring file as matched an ignore pattern: A006850100_136532_2_fastqc.html
[2021-07-25 10:45:44,825] multiqc                                            [DEBUG  ]  Ignoring file as matched an ignore pattern: Aligned.sortedByCoord.out.bam
[2021-07-25 10:45:44,904] multiqc                                            [DEBUG  ]  Ignoring file as matched an ignore pattern: Chimeric.out.sam
[2021-07-25 10:45:44,904] multiqc                                            [DEBUG  ]  Ignoring file as matched an ignore pattern: Aligned.sortedByCoord.out.bam.bai
[2021-07-25 10:45:44,940] multiqc                                            [DEBUG  ]  Ignoring file as matched an ignore pattern: Aligned.sortedByCoord.out.bam
[2021-07-25 10:45:45,023] multiqc                                            [DEBUG  ]  Ignoring file as matched an ignore pattern: Chimeric.out.sam
[2021-07-25 10:45:45,024] multiqc                                            [DEBUG  ]  Ignoring file as matched an ignore pattern: Aligned.sortedByCoord.out.bam.bai
[2021-07-25 10:45:45,067] multiqc                                            [DEBUG  ]  Ignoring file as matched an ignore pattern: Aligned.sortedByCoord.out.bam
[2021-07-25 10:45:45,147] multiqc                                            [DEBUG  ]  Ignoring file as matched an ignore pattern: Chimeric.out.sam
[2021-07-25 10:45:45,147] multiqc                                            [DEBUG  ]  Ignoring file as matched an ignore pattern: Aligned.sortedByCoord.out.bam.bai
[2021-07-25 10:45:45,205] multiqc                                            [DEBUG  ]  Ignoring file as matched an ignore pattern: Aligned.sortedByCoord.out.bam
[2021-07-25 10:45:45,293] multiqc                                            [DEBUG  ]  Ignoring file as matched an ignore pattern: Chimeric.out.sam
[2021-07-25 10:45:45,294] multiqc                                            [DEBUG  ]  Ignoring file as matched an ignore pattern: Aligned.sortedByCoord.out.bam.bai
[2021-07-25 10:45:45,327] multiqc                                            [DEBUG  ]  Ignoring file as matched an ignore pattern: Aligned.sortedByCoord.out.bam
[2021-07-25 10:45:45,409] multiqc                                            [DEBUG  ]  Ignoring file as matched an ignore pattern: Chimeric.out.sam
[2021-07-25 10:45:45,409] multiqc                                            [DEBUG  ]  Ignoring file as matched an ignore pattern: Aligned.sortedByCoord.out.bam.bai
[2021-07-25 10:45:45,425] multiqc                                            [DEBUG  ]  Ignoring file as matched an ignore pattern: Aligned.sortedByCoord.out.bam
[2021-07-25 10:45:45,508] multiqc                                            [DEBUG  ]  Ignoring file as matched an ignore pattern: Chimeric.out.sam
[2021-07-25 10:45:45,509] multiqc                                            [DEBUG  ]  Ignoring file as matched an ignore pattern: Aligned.sortedByCoord.out.bam.bai
[2021-07-25 10:45:45,521] multiqc                                            [DEBUG  ]  Ignoring file as matched an ignore pattern: Aligned.sortedByCoord.out.bam
[2021-07-25 10:45:45,597] multiqc                                            [DEBUG  ]  Ignoring file as matched an ignore pattern: Chimeric.out.sam
[2021-07-25 10:45:45,597] multiqc                                            [DEBUG  ]  Ignoring file as matched an ignore pattern: Aligned.sortedByCoord.out.bam.bai
[2021-07-25 10:45:45,625] multiqc                                            [DEBUG  ]  Ignoring file as matched an ignore pattern: Aligned.sortedByCoord.out.bam
[2021-07-25 10:45:45,705] multiqc                                            [DEBUG  ]  Ignoring file as matched an ignore pattern: Chimeric.out.sam
[2021-07-25 10:45:45,706] multiqc                                            [DEBUG  ]  Ignoring file as matched an ignore pattern: Aligned.sortedByCoord.out.bam.bai
[2021-07-25 10:45:45,732] multiqc                                            [DEBUG  ]  Ignoring file as matched an ignore pattern: Aligned.sortedByCoord.out.bam
[2021-07-25 10:45:45,819] multiqc                                            [DEBUG  ]  Ignoring file as matched an ignore pattern: Chimeric.out.sam
[2021-07-25 10:45:45,820] multiqc                                            [DEBUG  ]  Ignoring file as matched an ignore pattern: Aligned.sortedByCoord.out.bam.bai
[2021-07-25 10:45:45,828] multiqc                                            [DEBUG  ]  Ignoring file as matched an ignore pattern: Aligned.sortedByCoord.out.bam
[2021-07-25 10:45:45,903] multiqc                                            [DEBUG  ]  Ignoring file as matched an ignore pattern: Chimeric.out.sam
[2021-07-25 10:45:45,904] multiqc                                            [DEBUG  ]  Ignoring file as matched an ignore pattern: Aligned.sortedByCoord.out.bam.bai
[2021-07-25 10:45:45,944] multiqc                                            [DEBUG  ]  Ignoring file as matched an ignore pattern: Aligned.sortedByCoord.out.bam
[2021-07-25 10:45:46,007] multiqc                                            [DEBUG  ]  Ignoring file as matched an ignore pattern: Chimeric.out.sam
[2021-07-25 10:45:46,008] multiqc                                            [DEBUG  ]  Ignoring file as matched an ignore pattern: Aligned.sortedByCoord.out.bam.bai
[2021-07-25 10:45:46,032] multiqc                                            [DEBUG  ]  Ignoring file as matched an ignore pattern: Aligned.sortedByCoord.out.bam
[2021-07-25 10:45:46,107] multiqc                                            [DEBUG  ]  Ignoring file as matched an ignore pattern: Chimeric.out.sam
[2021-07-25 10:45:46,107] multiqc                                            [DEBUG  ]  Ignoring file as matched an ignore pattern: Aligned.sortedByCoord.out.bam.bai
[2021-07-25 10:45:46,141] multiqc                                            [DEBUG  ]  Ignoring file as matched an ignore pattern: Aligned.sortedByCoord.out.bam
[2021-07-25 10:45:46,230] multiqc                                            [DEBUG  ]  Ignoring file as matched an ignore pattern: Chimeric.out.sam
[2021-07-25 10:45:46,231] multiqc                                            [DEBUG  ]  Ignoring file as matched an ignore pattern: Aligned.sortedByCoord.out.bam.bai
[2021-07-25 10:45:46,247] multiqc                                            [DEBUG  ]  Ignoring file as matched an ignore pattern: Aligned.sortedByCoord.out.bam
[2021-07-25 10:45:46,328] multiqc                                            [DEBUG  ]  Ignoring file as matched an ignore pattern: Chimeric.out.sam
[2021-07-25 10:45:46,329] multiqc                                            [DEBUG  ]  Ignoring file as matched an ignore pattern: Aligned.sortedByCoord.out.bam.bai
[2021-07-25 10:45:46,344] multiqc                                            [DEBUG  ]  Ignoring file as matched an ignore pattern: Aligned.sortedByCoord.out.bam
[2021-07-25 10:45:46,424] multiqc                                            [DEBUG  ]  Ignoring file as matched an ignore pattern: Chimeric.out.sam
[2021-07-25 10:45:46,424] multiqc                                            [DEBUG  ]  Ignoring file as matched an ignore pattern: Aligned.sortedByCoord.out.bam.bai
[2021-07-25 10:45:46,454] multiqc                                            [DEBUG  ]  Ignoring file as matched an ignore pattern: Aligned.sortedByCoord.out.bam
[2021-07-25 10:45:46,528] multiqc                                            [DEBUG  ]  Ignoring file as matched an ignore pattern: Chimeric.out.sam
[2021-07-25 10:45:46,528] multiqc                                            [DEBUG  ]  Ignoring file as matched an ignore pattern: Aligned.sortedByCoord.out.bam.bai
[2021-07-25 10:45:46,568] multiqc                                            [DEBUG  ]  Ignoring file as matched an ignore pattern: Aligned.sortedByCoord.out.bam
[2021-07-25 10:45:46,642] multiqc                                            [DEBUG  ]  Ignoring file as matched an ignore pattern: Chimeric.out.sam
[2021-07-25 10:45:46,642] multiqc                                            [DEBUG  ]  Ignoring file as matched an ignore pattern: Aligned.sortedByCoord.out.bam.bai
[2021-07-25 10:45:46,670] multiqc                                            [DEBUG  ]  Ignoring file as matched an ignore pattern: Aligned.sortedByCoord.out.bam
[2021-07-25 10:45:46,740] multiqc                                            [DEBUG  ]  Ignoring file as matched an ignore pattern: Chimeric.out.sam
[2021-07-25 10:45:46,741] multiqc                                            [DEBUG  ]  Ignoring file as matched an ignore pattern: Aligned.sortedByCoord.out.bam.bai
[2021-07-25 10:45:46,761] multiqc                                            [DEBUG  ]  Ignoring file as matched an ignore pattern: Aligned.sortedByCoord.out.bam
[2021-07-25 10:45:46,835] multiqc                                            [DEBUG  ]  Ignoring file as matched an ignore pattern: Chimeric.out.sam
[2021-07-25 10:45:46,835] multiqc                                            [DEBUG  ]  Ignoring file as matched an ignore pattern: Aligned.sortedByCoord.out.bam.bai
[2021-07-25 10:45:46,894] multiqc                                            [DEBUG  ]  Ignoring file as matched an ignore pattern: Aligned.sortedByCoord.out.bam
[2021-07-25 10:45:46,982] multiqc                                            [DEBUG  ]  Ignoring file as matched an ignore pattern: Chimeric.out.sam
[2021-07-25 10:45:46,982] multiqc                                            [DEBUG  ]  Ignoring file as matched an ignore pattern: Aligned.sortedByCoord.out.bam.bai
[2021-07-25 10:45:46,998] multiqc                                            [DEBUG  ]  Ignoring file as matched an ignore pattern: Aligned.sortedByCoord.out.bam
[2021-07-25 10:45:47,119] multiqc                                            [DEBUG  ]  Ignoring file as matched an ignore pattern: Chimeric.out.sam
[2021-07-25 10:45:47,119] multiqc                                            [DEBUG  ]  Ignoring file as matched an ignore pattern: Aligned.sortedByCoord.out.bam.bai
[2021-07-25 10:45:47,392] multiqc.plots.bargraph                             [DEBUG  ]  Using matplotlib version 3.1.1
[2021-07-25 10:45:47,406] multiqc                                            [DEBUG  ]  No samples found: featureCounts
[2021-07-25 10:45:47,410] multiqc.plots.linegraph                            [DEBUG  ]  Using matplotlib version 3.1.1
[2021-07-25 10:45:47,432] multiqc.modules.salmon.salmon                      [INFO   ]  Found 21 meta reports
[2021-07-25 10:45:47,433] multiqc.modules.salmon.salmon                      [INFO   ]  Found 21 fragment length distributions
[2021-07-25 10:45:47,680] multiqc.modules.star.star                          [DEBUG  ]  Duplicate ReadsPerGene sample name found! Overwriting: A006850100_136512
[2021-07-25 10:45:47,758] multiqc.modules.star.star                          [DEBUG  ]  Duplicate ReadsPerGene sample name found! Overwriting: A006850100_136526
[2021-07-25 10:45:47,839] multiqc.modules.star.star                          [DEBUG  ]  Duplicate ReadsPerGene sample name found! Overwriting: A006850100_136496
[2021-07-25 10:45:47,922] multiqc.modules.star.star                          [DEBUG  ]  Duplicate ReadsPerGene sample name found! Overwriting: A006850100_136530
[2021-07-25 10:45:48,003] multiqc.modules.star.star                          [DEBUG  ]  Duplicate ReadsPerGene sample name found! Overwriting: A006850100_136528
[2021-07-25 10:45:48,103] multiqc.modules.star.star                          [DEBUG  ]  Duplicate ReadsPerGene sample name found! Overwriting: A006850100_136516
[2021-07-25 10:45:48,182] multiqc.modules.star.star                          [DEBUG  ]  Duplicate ReadsPerGene sample name found! Overwriting: A006850100_136504
[2021-07-25 10:45:48,249] multiqc.modules.star.star                          [DEBUG  ]  Duplicate ReadsPerGene sample name found! Overwriting: A006850100_136520
[2021-07-25 10:45:48,324] multiqc.modules.star.star                          [DEBUG  ]  Duplicate ReadsPerGene sample name found! Overwriting: A006850100_136532
[2021-07-25 10:45:48,401] multiqc.modules.star.star                          [DEBUG  ]  Duplicate ReadsPerGene sample name found! Overwriting: A006850100_136524
[2021-07-25 10:45:48,503] multiqc.modules.star.star                          [DEBUG  ]  Duplicate ReadsPerGene sample name found! Overwriting: A006850100_136518
[2021-07-25 10:45:48,629] multiqc.modules.star.star                          [DEBUG  ]  Duplicate ReadsPerGene sample name found! Overwriting: A006850100_136498
[2021-07-25 10:45:48,711] multiqc.modules.star.star                          [DEBUG  ]  Duplicate ReadsPerGene sample name found! Overwriting: A006850100_136534
[2021-07-25 10:45:48,784] multiqc.modules.star.star                          [DEBUG  ]  Duplicate ReadsPerGene sample name found! Overwriting: A006850100_136522
[2021-07-25 10:45:48,857] multiqc.modules.star.star                          [DEBUG  ]  Duplicate ReadsPerGene sample name found! Overwriting: A006850100_136508
[2021-07-25 10:45:48,930] multiqc.modules.star.star                          [DEBUG  ]  Duplicate ReadsPerGene sample name found! Overwriting: A006850100_136506
[2021-07-25 10:45:49,008] multiqc.modules.star.star                          [DEBUG  ]  Duplicate ReadsPerGene sample name found! Overwriting: A006850100_136502
[2021-07-25 10:45:49,147] multiqc.modules.star.star                          [DEBUG  ]  Duplicate ReadsPerGene sample name found! Overwriting: A006850100_136510
[2021-07-25 10:45:49,226] multiqc.modules.star.star                          [DEBUG  ]  Duplicate ReadsPerGene sample name found! Overwriting: A006850100_136500
[2021-07-25 10:45:49,298] multiqc.modules.star.star                          [DEBUG  ]  Duplicate ReadsPerGene sample name found! Overwriting: A006850100_136514
[2021-07-25 10:45:49,372] multiqc.modules.star.star                          [DEBUG  ]  Duplicate ReadsPerGene sample name found! Overwriting: A006850100_136536
[2021-07-25 10:45:49,373] multiqc.modules.star.star                          [INFO   ]  Found 21 reports and 21 gene count files
[2021-07-25 10:45:58,522] multiqc.modules.fastqc.fastqc                      [INFO   ]  Found 42 reports
[2021-07-25 10:45:59,137] multiqc                                            [INFO   ]  Compressing plot data
[2021-07-25 10:46:00,245] multiqc                                            [WARNING]  Deleting    : QC/multiqc_report.html   (-f was specified)
[2021-07-25 10:46:00,245] multiqc                                            [WARNING]  Deleting    : QC/multiqc_data   (-f was specified)
[2021-07-25 10:46:00,245] multiqc                                            [INFO   ]  Report      : QC/multiqc_report.html
[2021-07-25 10:46:00,245] multiqc                                            [INFO   ]  Data        : QC/multiqc_data
[2021-07-25 10:46:00,245] multiqc                                            [DEBUG  ]  Moving data file from '/tmp/tmpd6oci0m4/multiqc_data/multiqc_fastqc.txt' to '/home/volker/2020_11_UPF3_DW/QC/multiqc_data'
[2021-07-25 10:46:00,246] multiqc                                            [DEBUG  ]  Moving data file from '/tmp/tmpd6oci0m4/multiqc_data/multiqc_data.json' to '/home/volker/2020_11_UPF3_DW/QC/multiqc_data'
[2021-07-25 10:46:00,251] multiqc                                            [DEBUG  ]  Moving data file from '/tmp/tmpd6oci0m4/multiqc_data/multiqc_general_stats.txt' to '/home/volker/2020_11_UPF3_DW/QC/multiqc_data'
[2021-07-25 10:46:00,252] multiqc                                            [DEBUG  ]  Moving data file from '/tmp/tmpd6oci0m4/multiqc_data/multiqc_star.txt' to '/home/volker/2020_11_UPF3_DW/QC/multiqc_data'
[2021-07-25 10:46:00,252] multiqc                                            [DEBUG  ]  Moving data file from '/tmp/tmpd6oci0m4/multiqc_data/multiqc_salmon.txt' to '/home/volker/2020_11_UPF3_DW/QC/multiqc_data'
[2021-07-25 10:46:00,252] multiqc                                            [DEBUG  ]  Moving data file from '/tmp/tmpd6oci0m4/multiqc_data/multiqc_sources.txt' to '/home/volker/2020_11_UPF3_DW/QC/multiqc_data'
[2021-07-25 10:46:00,371] multiqc                                            [INFO   ]  MultiQC complete
